<?xml version="1.0" encoding="UTF-8"?>
<!-- Generated by org.testng.reporters.JUnitXMLReporter -->
<testsuite ignored="1" hostname="DKchamp" failures="0" tests="1" name="ParametersUsername" time="0.026" errors="0" timestamp="16 Feb 2021 07:44:11 GMT">
  <testcase classname="com.herokuapp.theinternet.LoginTests" name="@BeforeMethod setUp" time="0.0">
    <failure type="org.testng.TestNGException" message="
Parameter &amp;apos;browser&amp;apos; is required by BeforeMethod on method setUp but has not been marked @Optional or defined
in C:\Users\DKchamp\eclipse-workspace\selenium-for-begginers2\src\test\resources\TestSuites\comboTest.xml">
      <![CDATA[org.testng.TestNGException: 
Parameter 'browser' is required by BeforeMethod on method setUp but has not been marked @Optional or defined
in C:\Users\DKchamp\eclipse-workspace\selenium-for-begginers2\src\test\resources\TestSuites\comboTest.xml
... Removed 25 stack frames]]>
    </failure>
  </testcase> <!-- @BeforeMethod setUp -->
  <testcase classname="com.herokuapp.theinternet.LoginTests" name="@AfterTest ends" time="0.0">
    <failure type="java.lang.NullPointerException" message="Cannot invoke &amp;quot;org.openqa.selenium.WebDriver.quit()&amp;quot; because &amp;quot;this.driver&amp;quot; is null">
      <![CDATA[java.lang.NullPointerException: Cannot invoke "org.openqa.selenium.WebDriver.quit()" because "this.driver" is null
at com.herokuapp.theinternet.LoginTests.ends(LoginTests.java:130)
... Removed 24 stack frames]]>
    </failure>
  </testcase> <!-- @AfterTest ends -->
  <testcase classname="com.herokuapp.theinternet.LoginTests" name="incorrectTest" time="0.0">
    <skipped/>
  </testcase> <!-- incorrectTest -->
  <testcase classname="com.herokuapp.theinternet.LoginTests" name="loginTest" time="0.0">
    <ignored/>
  </testcase> <!-- loginTest -->
</testsuite> <!-- ParametersUsername -->
