<?xml version="1.0" encoding="UTF-8"?>
<!-- Generated by org.testng.reporters.JUnitXMLReporter -->
<testsuite ignored="0" hostname="DKchamp" failures="1" tests="1" name="PositiveTests" time="0.044" errors="0" timestamp="22 Feb 2021 12:44:37 GMT">
  <testcase classname="com.herokuapp.theinternet.NegetiveTests" name="incorrectUsernameTest" time="0.0">
    <failure type="org.testng.TestNGException" message="
Parameter &amp;apos;us&amp;apos; is required by @Test on method incorrectUsernameTest but has not been marked @Optional or defined
in C:\Users\DKchamp\eclipse-workspace\selenium-for-begginers2\src\test\resources\TestSuites\PositiveTests.xml">
      <![CDATA[org.testng.TestNGException: 
Parameter 'us' is required by @Test on method incorrectUsernameTest but has not been marked @Optional or defined
in C:\Users\DKchamp\eclipse-workspace\selenium-for-begginers2\src\test\resources\TestSuites\PositiveTests.xml
... Removed 24 stack frames]]>
    </failure>
  </testcase> <!-- incorrectUsernameTest -->
</testsuite> <!-- PositiveTests -->
